<?xml version="1.0" encoding="UTF-8"?>
<coverage generated="1741114798408" clover="3.2.0">
  <project timestamp="1741114798408" name="All files">
    <metrics statements="81" coveredstatements="81" conditionals="29" coveredconditionals="29" methods="1" coveredmethods="1" elements="111" coveredelements="111" complexity="0" loc="81" ncloc="81" packages="1" files="1" classes="1"/>
    <file name="validateScore.js" path="/home/rahimdadfaisalsafi/Techstarter/Hausaufgabe/testing-workshop/src/validateScore.js">
      <metrics statements="81" coveredstatements="81" conditionals="29" coveredconditionals="29" methods="1" coveredmethods="1"/>
      <line num="1" count="1" type="stmt"/>
      <line num="2" count="1" type="stmt"/>
      <line num="3" count="1" type="stmt"/>
      <line num="4" count="1" type="stmt"/>
      <line num="5" count="1" type="stmt"/>
      <line num="6" count="1" type="stmt"/>
      <line num="7" count="1" type="stmt"/>
      <line num="8" count="1" type="stmt"/>
      <line num="9" count="1" type="stmt"/>
      <line num="10" count="1" type="stmt"/>
      <line num="11" count="1" type="stmt"/>
      <line num="12" count="1" type="stmt"/>
      <line num="13" count="1" type="stmt"/>
      <line num="14" count="1" type="stmt"/>
      <line num="15" count="20" type="cond" truecount="1" falsecount="0"/>
      <line num="16" count="20" type="stmt"/>
      <line num="17" count="20" type="cond" truecount="1" falsecount="0"/>
      <line num="18" count="20" type="cond" truecount="1" falsecount="0"/>
      <line num="19" count="20" type="cond" truecount="1" falsecount="0"/>
      <line num="21" count="20" type="stmt"/>
      <line num="22" count="20" type="stmt"/>
      <line num="23" count="20" type="stmt"/>
      <line num="24" count="20" type="stmt"/>
      <line num="25" count="20" type="stmt"/>
      <line num="26" count="20" type="stmt"/>
      <line num="27" count="20" type="stmt"/>
      <line num="28" count="20" type="stmt"/>
      <line num="30" count="20" type="stmt"/>
      <line num="31" count="20" type="cond" truecount="2" falsecount="0"/>
      <line num="32" count="2" type="stmt"/>
      <line num="33" count="2" type="stmt"/>
      <line num="34" count="2" type="stmt"/>
      <line num="35" count="2" type="cond" truecount="1" falsecount="0"/>
      <line num="37" count="20" type="cond" truecount="1" falsecount="0"/>
      <line num="38" count="1" type="stmt"/>
      <line num="39" count="1" type="stmt"/>
      <line num="40" count="1" type="stmt"/>
      <line num="41" count="1" type="cond" truecount="1" falsecount="0"/>
      <line num="43" count="20" type="cond" truecount="2" falsecount="0"/>
      <line num="44" count="2" type="stmt"/>
      <line num="45" count="2" type="stmt"/>
      <line num="46" count="2" type="stmt"/>
      <line num="47" count="2" type="cond" truecount="1" falsecount="0"/>
      <line num="49" count="15" type="stmt"/>
      <line num="50" count="20" type="cond" truecount="1" falsecount="0"/>
      <line num="51" count="3" type="cond" truecount="2" falsecount="0"/>
      <line num="52" count="1" type="stmt"/>
      <line num="53" count="1" type="stmt"/>
      <line num="54" count="1" type="stmt"/>
      <line num="55" count="1" type="cond" truecount="1" falsecount="0"/>
      <line num="57" count="3" type="cond" truecount="1" falsecount="0"/>
      <line num="58" count="1" type="stmt"/>
      <line num="59" count="1" type="stmt"/>
      <line num="60" count="1" type="stmt"/>
      <line num="61" count="1" type="stmt"/>
      <line num="62" count="3" type="cond" truecount="1" falsecount="0"/>
      <line num="64" count="13" type="stmt"/>
      <line num="65" count="13" type="stmt"/>
      <line num="67" count="20" type="cond" truecount="1" falsecount="0"/>
      <line num="68" count="2" type="stmt"/>
      <line num="69" count="2" type="stmt"/>
      <line num="70" count="2" type="stmt"/>
      <line num="71" count="2" type="cond" truecount="1" falsecount="0"/>
      <line num="73" count="13" type="stmt"/>
      <line num="74" count="13" type="stmt"/>
      <line num="76" count="13" type="stmt"/>
      <line num="77" count="20" type="cond" truecount="1" falsecount="0"/>
      <line num="78" count="3" type="stmt"/>
      <line num="79" count="20" type="cond" truecount="2" falsecount="0"/>
      <line num="80" count="2" type="stmt"/>
      <line num="81" count="10" type="cond" truecount="2" falsecount="0"/>
      <line num="82" count="3" type="stmt"/>
      <line num="83" count="8" type="cond" truecount="2" falsecount="0"/>
      <line num="84" count="2" type="stmt"/>
      <line num="85" count="5" type="cond" truecount="1" falsecount="0"/>
      <line num="86" count="3" type="stmt"/>
      <line num="87" count="3" type="cond" truecount="1" falsecount="0"/>
      <line num="89" count="13" type="stmt"/>
      <line num="90" count="13" type="stmt"/>
      <line num="93" count="1" type="stmt"/>
      <line num="94" count="1" type="stmt"/>
    </file>
  </project>
</coverage>
