{"/home/rahimdadfaisalsafi/Techstarter/Hausaufgabe/testing-workshop/src/validateScore.js": {"path":"/home/rahimdadfaisalsafi/Techstarter/Hausaufgabe/testing-workshop/src/validateScore.js","all":false,"statementMap":{"0":{"start":{"line":1,"column":0},"end":{"line":1,"column":3}},"1":{"start":{"line":2,"column":0},"end":{"line":2,"column":67}},"2":{"start":{"line":3,"column":0},"end":{"line":3,"column":10}},"3":{"start":{"line":4,"column":0},"end":{"line":4,"column":1}},"4":{"start":{"line":5,"column":0},"end":{"line":5,"column":63}},"5":{"start":{"line":6,"column":0},"end":{"line":6,"column":51}},"6":{"start":{"line":7,"column":0},"end":{"line":7,"column":61}},"7":{"start":{"line":8,"column":0},"end":{"line":8,"column":23}},"8":{"start":{"line":9,"column":0},"end":{"line":9,"column":62}},"9":{"start":{"line":10,"column":0},"end":{"line":10,"column":40}},"10":{"start":{"line":11,"column":0},"end":{"line":11,"column":61}},"11":{"start":{"line":12,"column":0},"end":{"line":12,"column":28}},"12":{"start":{"line":13,"column":0},"end":{"line":13,"column":44}},"13":{"start":{"line":14,"column":0},"end":{"line":14,"column":2}},"14":{"start":{"line":15,"column":0},"end":{"line":15,"column":45}},"15":{"start":{"line":16,"column":0},"end":{"line":16,"column":28}},"16":{"start":{"line":17,"column":0},"end":{"line":17,"column":50}},"17":{"start":{"line":18,"column":0},"end":{"line":18,"column":49}},"18":{"start":{"line":19,"column":0},"end":{"line":19,"column":56}},"20":{"start":{"line":21,"column":0},"end":{"line":21,"column":19}},"21":{"start":{"line":22,"column":0},"end":{"line":22,"column":18}},"22":{"start":{"line":23,"column":0},"end":{"line":23,"column":16}},"23":{"start":{"line":24,"column":0},"end":{"line":24,"column":17}},"24":{"start":{"line":25,"column":0},"end":{"line":25,"column":18}},"25":{"start":{"line":26,"column":0},"end":{"line":26,"column":14}},"26":{"start":{"line":27,"column":0},"end":{"line":27,"column":15}},"27":{"start":{"line":28,"column":0},"end":{"line":28,"column":4}},"29":{"start":{"line":30,"column":0},"end":{"line":30,"column":21}},"30":{"start":{"line":31,"column":0},"end":{"line":31,"column":46}},"31":{"start":{"line":32,"column":0},"end":{"line":32,"column":25}},"32":{"start":{"line":33,"column":0},"end":{"line":33,"column":49}},"33":{"start":{"line":34,"column":0},"end":{"line":34,"column":18}},"34":{"start":{"line":35,"column":0},"end":{"line":35,"column":3}},"36":{"start":{"line":37,"column":0},"end":{"line":37,"column":34}},"37":{"start":{"line":38,"column":0},"end":{"line":38,"column":25}},"38":{"start":{"line":39,"column":0},"end":{"line":39,"column":52}},"39":{"start":{"line":40,"column":0},"end":{"line":40,"column":18}},"40":{"start":{"line":41,"column":0},"end":{"line":41,"column":3}},"42":{"start":{"line":43,"column":0},"end":{"line":43,"column":33}},"43":{"start":{"line":44,"column":0},"end":{"line":44,"column":25}},"44":{"start":{"line":45,"column":0},"end":{"line":45,"column":63}},"45":{"start":{"line":46,"column":0},"end":{"line":46,"column":18}},"46":{"start":{"line":47,"column":0},"end":{"line":47,"column":3}},"48":{"start":{"line":49,"column":0},"end":{"line":49,"column":24}},"49":{"start":{"line":50,"column":0},"end":{"line":50,"column":19}},"50":{"start":{"line":51,"column":0},"end":{"line":51,"column":57}},"51":{"start":{"line":52,"column":0},"end":{"line":52,"column":27}},"52":{"start":{"line":53,"column":0},"end":{"line":53,"column":62}},"53":{"start":{"line":54,"column":0},"end":{"line":54,"column":20}},"54":{"start":{"line":55,"column":0},"end":{"line":55,"column":5}},"56":{"start":{"line":57,"column":0},"end":{"line":57,"column":35}},"57":{"start":{"line":58,"column":0},"end":{"line":58,"column":27}},"58":{"start":{"line":59,"column":0},"end":{"line":59,"column":60}},"59":{"start":{"line":60,"column":0},"end":{"line":60,"column":20}},"60":{"start":{"line":61,"column":0},"end":{"line":61,"column":5}},"61":{"start":{"line":62,"column":0},"end":{"line":62,"column":3}},"63":{"start":{"line":64,"column":0},"end":{"line":64,"column":54}},"64":{"start":{"line":65,"column":0},"end":{"line":65,"column":25}},"66":{"start":{"line":67,"column":0},"end":{"line":67,"column":35}},"67":{"start":{"line":68,"column":0},"end":{"line":68,"column":65}},"68":{"start":{"line":69,"column":0},"end":{"line":69,"column":57}},"69":{"start":{"line":70,"column":0},"end":{"line":70,"column":30}},"70":{"start":{"line":71,"column":0},"end":{"line":71,"column":3}},"72":{"start":{"line":73,"column":0},"end":{"line":73,"column":20}},"73":{"start":{"line":74,"column":0},"end":{"line":74,"column":45}},"75":{"start":{"line":76,"column":0},"end":{"line":76,"column":20}},"76":{"start":{"line":77,"column":0},"end":{"line":77,"column":25}},"77":{"start":{"line":78,"column":0},"end":{"line":78,"column":23}},"78":{"start":{"line":79,"column":0},"end":{"line":79,"column":32}},"79":{"start":{"line":80,"column":0},"end":{"line":80,"column":23}},"80":{"start":{"line":81,"column":0},"end":{"line":81,"column":32}},"81":{"start":{"line":82,"column":0},"end":{"line":82,"column":23}},"82":{"start":{"line":83,"column":0},"end":{"line":83,"column":32}},"83":{"start":{"line":84,"column":0},"end":{"line":84,"column":23}},"84":{"start":{"line":85,"column":0},"end":{"line":85,"column":10}},"85":{"start":{"line":86,"column":0},"end":{"line":86,"column":23}},"86":{"start":{"line":87,"column":0},"end":{"line":87,"column":3}},"88":{"start":{"line":89,"column":0},"end":{"line":89,"column":16}},"89":{"start":{"line":90,"column":0},"end":{"line":90,"column":1}},"92":{"start":{"line":93,"column":0},"end":{"line":93,"column":14}}},"s":{"0":1,"1":1,"2":1,"3":1,"4":1,"5":1,"6":1,"7":1,"8":1,"9":1,"10":1,"11":1,"12":1,"13":1,"14":6,"15":6,"16":6,"17":6,"18":6,"20":6,"21":6,"22":6,"23":6,"24":6,"25":6,"26":6,"27":6,"29":6,"30":6,"31":2,"32":2,"33":2,"34":2,"36":6,"37":1,"38":1,"39":1,"40":1,"42":6,"43":2,"44":2,"45":2,"46":2,"48":1,"49":6,"50":0,"51":0,"52":0,"53":0,"54":0,"56":0,"57":0,"58":0,"59":0,"60":0,"61":0,"63":1,"64":1,"66":6,"67":0,"68":0,"69":0,"70":0,"72":1,"73":1,"75":1,"76":6,"77":0,"78":6,"79":0,"80":1,"81":1,"82":1,"83":0,"84":0,"85":0,"86":0,"88":1,"89":1,"92":1},"branchMap":{"0":{"type":"branch","line":15,"loc":{"start":{"line":15,"column":0},"end":{"line":90,"column":1}},"locations":[{"start":{"line":15,"column":0},"end":{"line":90,"column":1}}]},"1":{"type":"branch","line":31,"loc":{"start":{"line":31,"column":26},"end":{"line":31,"column":43}},"locations":[{"start":{"line":31,"column":26},"end":{"line":31,"column":43}}]},"2":{"type":"branch","line":31,"loc":{"start":{"line":31,"column":45},"end":{"line":35,"column":3}},"locations":[{"start":{"line":31,"column":45},"end":{"line":35,"column":3}}]},"3":{"type":"branch","line":35,"loc":{"start":{"line":35,"column":2},"end":{"line":37,"column":33}},"locations":[{"start":{"line":35,"column":2},"end":{"line":37,"column":33}}]},"4":{"type":"branch","line":37,"loc":{"start":{"line":37,"column":33},"end":{"line":41,"column":3}},"locations":[{"start":{"line":37,"column":33},"end":{"line":41,"column":3}}]},"5":{"type":"branch","line":41,"loc":{"start":{"line":41,"column":2},"end":{"line":43,"column":16}},"locations":[{"start":{"line":41,"column":2},"end":{"line":43,"column":16}}]},"6":{"type":"branch","line":43,"loc":{"start":{"line":43,"column":16},"end":{"line":43,"column":30}},"locations":[{"start":{"line":43,"column":16},"end":{"line":43,"column":30}}]},"7":{"type":"branch","line":43,"loc":{"start":{"line":43,"column":32},"end":{"line":47,"column":3}},"locations":[{"start":{"line":43,"column":32},"end":{"line":47,"column":3}}]},"8":{"type":"branch","line":47,"loc":{"start":{"line":47,"column":2},"end":{"line":50,"column":18}},"locations":[{"start":{"line":47,"column":2},"end":{"line":50,"column":18}}]},"9":{"type":"branch","line":50,"loc":{"start":{"line":50,"column":18},"end":{"line":62,"column":3}},"locations":[{"start":{"line":50,"column":18},"end":{"line":62,"column":3}}]},"10":{"type":"branch","line":62,"loc":{"start":{"line":62,"column":2},"end":{"line":67,"column":34}},"locations":[{"start":{"line":62,"column":2},"end":{"line":67,"column":34}}]},"11":{"type":"branch","line":67,"loc":{"start":{"line":67,"column":34},"end":{"line":71,"column":3}},"locations":[{"start":{"line":67,"column":34},"end":{"line":71,"column":3}}]},"12":{"type":"branch","line":71,"loc":{"start":{"line":71,"column":2},"end":{"line":77,"column":24}},"locations":[{"start":{"line":71,"column":2},"end":{"line":77,"column":24}}]},"13":{"type":"branch","line":77,"loc":{"start":{"line":77,"column":24},"end":{"line":79,"column":3}},"locations":[{"start":{"line":77,"column":24},"end":{"line":79,"column":3}}]},"14":{"type":"branch","line":79,"loc":{"start":{"line":79,"column":3},"end":{"line":90,"column":1}},"locations":[{"start":{"line":79,"column":3},"end":{"line":90,"column":1}}]},"15":{"type":"branch","line":79,"loc":{"start":{"line":79,"column":31},"end":{"line":81,"column":3}},"locations":[{"start":{"line":79,"column":31},"end":{"line":81,"column":3}}]},"16":{"type":"branch","line":83,"loc":{"start":{"line":83,"column":3},"end":{"line":87,"column":3}},"locations":[{"start":{"line":83,"column":3},"end":{"line":87,"column":3}}]}},"b":{"0":[6],"1":[5],"2":[2],"3":[4],"4":[1],"5":[3],"6":[2],"7":[2],"8":[1],"9":[0],"10":[1],"11":[0],"12":[1],"13":[0],"14":[1],"15":[0],"16":[0]},"fnMap":{"0":{"name":"validateScore","decl":{"start":{"line":15,"column":0},"end":{"line":90,"column":1}},"loc":{"start":{"line":15,"column":0},"end":{"line":90,"column":1}},"line":15}},"f":{"0":6}}
}
